<?xml version="1.0" encoding="UTF-8"?>
<testng-results skipped="0" failed="0" total="1" passed="1">
  <reporter-output>
  </reporter-output>
  <suite name="Surefire suite" duration-ms="36" started-at="2020-01-31T05:40:47Z" finished-at="2020-01-31T05:40:47Z">
    <groups>
    </groups>
    <test name="Surefire test" duration-ms="36" started-at="2020-01-31T05:40:47Z" finished-at="2020-01-31T05:40:47Z">
      <class name="TestPack.Testmydevcode">
        <test-method status="PASS" signature="test_wpone()[pri:0, instance:TestPack.Testmydevcode@57829d67]" name="test_wpone" duration-ms="24" started-at="2020-01-31T11:10:47Z" finished-at="2020-01-31T11:10:47Z">
          <reporter-output>
          </reporter-output>
        </test-method> <!-- test_wpone -->
      </class> <!-- TestPack.Testmydevcode -->
    </test> <!-- Surefire test -->
  </suite> <!-- Surefire suite -->
</testng-results>
