<?xml version="1.0" encoding="UTF-8"?>
<testng-results skipped="0" failed="0" total="1" passed="1">
  <reporter-output>
  </reporter-output>
  <suite name="Default suite" duration-ms="31" started-at="2020-01-31T05:31:22Z" finished-at="2020-01-31T05:31:23Z">
    <groups>
    </groups>
    <test name="Default test" duration-ms="31" started-at="2020-01-31T05:31:22Z" finished-at="2020-01-31T05:31:23Z">
      <class name="TestPack.Testmydevcode">
        <test-method status="PASS" signature="test_wpone()[pri:0, instance:TestPack.Testmydevcode@39fb3ab6]" name="test_wpone" duration-ms="13" started-at="2020-01-31T11:01:22Z" finished-at="2020-01-31T11:01:23Z">
          <reporter-output>
          </reporter-output>
        </test-method> <!-- test_wpone -->
      </class> <!-- TestPack.Testmydevcode -->
    </test> <!-- Default test -->
  </suite> <!-- Default suite -->
</testng-results>
